<?xml version="1.0" encoding="UTF-8"?>
<!-- Generated by org.testng.reporters.JUnitXMLReporter -->
<testsuite ignored="0" hostname="DESKTOP-LPCAOOD" failures="1" tests="5" name="PlainJSONTest" time="4.327" errors="0" timestamp="2024-06-24T23:13:05 EDT">
  <testcase classname="plainJSONString.RequestUsingPlainJSONTest" name="testGetUser" time="2.052"/>
  <testcase classname="plainJSONString.RequestUsingPlainJSONTest" name="testCreateUser" time="0.63">
    <failure type="java.lang.AssertionError" message="JSON validation against the schema failed.">
      <![CDATA[java.lang.AssertionError: JSON validation against the schema failed.
at plainJSONString.RequestUsingPlainJSONTest.validateJsonSchema(RequestUsingPlainJSONTest.java:149)
at plainJSONString.RequestUsingPlainJSONTest.testCreateUser(RequestUsingPlainJSONTest.java:70)
at java.base/java.util.ArrayList.forEach(ArrayList.java:1596)
... Removed 26 stack frames]]>
    </failure>
  </testcase> <!-- testCreateUser -->
  <testcase classname="plainJSONString.RequestUsingPlainJSONTest" name="testGetUserID" time="0.391"/>
  <testcase classname="plainJSONString.RequestUsingPlainJSONTest" name="testUpdateUser" time="0.414"/>
  <testcase classname="plainJSONString.RequestUsingPlainJSONTest" name="testDeleteUser" time="0.411"/>
</testsuite> <!-- PlainJSONTest -->
