<?xml version="1.0" encoding="UTF-8"?>
<!-- Generated by org.testng.reporters.JUnitXMLReporter -->
<testsuite ignored="0" hostname="DESKTOP-LPCAOOD" failures="0" tests="5" name="PlainJSONTest" time="4.31" errors="0" timestamp="2024-06-21T15:29:12 EDT">
  <testcase classname="plainJSONString.RequestUsingPlainJSONTest" name="testGetUser" time="2.034"/>
  <testcase classname="plainJSONString.RequestUsingPlainJSONTest" name="testCreateUser" time="0.438"/>
  <testcase classname="plainJSONString.RequestUsingPlainJSONTest" name="testGetUserID" time="0.64"/>
  <testcase classname="plainJSONString.RequestUsingPlainJSONTest" name="testUpdateUser" time="0.396"/>
  <testcase classname="plainJSONString.RequestUsingPlainJSONTest" name="testDeleteUser" time="0.396"/>
</testsuite> <!-- PlainJSONTest -->
