<?xml version="1.0" encoding="UTF-8"?>
<!-- Generated by org.testng.reporters.JUnitXMLReporter -->
<testsuite ignored="0" hostname="DESKTOP-LPCAOOD" failures="0" tests="5" name="Default test" time="4.771" errors="0" timestamp="2024-06-21T15:28:46 EDT">
  <testcase classname="plainJSONString.RequestUsingPlainJSONTest" name="testGetUser" time="2.532"/>
  <testcase classname="plainJSONString.RequestUsingPlainJSONTest" name="testCreateUser" time="0.462"/>
  <testcase classname="plainJSONString.RequestUsingPlainJSONTest" name="testGetUserID" time="0.624"/>
  <testcase classname="plainJSONString.RequestUsingPlainJSONTest" name="testUpdateUser" time="0.398"/>
  <testcase classname="plainJSONString.RequestUsingPlainJSONTest" name="testDeleteUser" time="0.397"/>
</testsuite> <!-- Default test -->
