<?xml version="1.0" encoding="UTF-8"?>
<!-- Generated by org.testng.reporters.JUnitXMLReporter -->
<testsuite ignored="0" hostname="DESKTOP-LPCAOOD" failures="0" tests="4" name="Test" time="4.092" errors="0" timestamp="2024-06-21T15:09:03 EDT">
  <testcase classname="testCasesUsingPlainJSONString.RequestUsingPlainJSONTest" name="testGetUser" time="2.448"/>
  <testcase classname="testCasesUsingPlainJSONString.RequestUsingPlainJSONTest" name="testCreateUser" time="0.43"/>
  <testcase classname="testCasesUsingPlainJSONString.RequestUsingPlainJSONTest" name="testUpdateUser" time="0.421"/>
  <testcase classname="testCasesUsingPlainJSONString.RequestUsingPlainJSONTest" name="testDeleteUser" time="0.418"/>
</testsuite> <!-- Test -->
