<?xml version="1.0" encoding="UTF-8"?>
<testng-results ignored="0" total="1" passed="1" failed="0" skipped="0">
  <reporter-output>
  </reporter-output>
  <suite started-at="2024-06-24T16:14:31 EDT" name="Default suite" finished-at="2024-06-24T16:14:38 EDT" duration-ms="7533">
    <groups>
    </groups>
    <test started-at="2024-06-24T16:14:31 EDT" name="Default test" finished-at="2024-06-24T16:14:38 EDT" duration-ms="7533">
      <class name="dataDriven.RequestUsingExcelNOT">
        <test-method is-config="true" signature="setup()[pri:0, instance:dataDriven.RequestUsingExcelNOT@65fb9ffc]" started-at="2024-06-24T16:14:31 EDT" name="setup" finished-at="2024-06-24T16:14:31 EDT" duration-ms="718" status="PASS">
          <reporter-output>
          </reporter-output>
        </test-method> <!-- setup -->
        <test-method signature="testCRUDUsers()[pri:0, instance:dataDriven.RequestUsingExcelNOT@65fb9ffc]" started-at="2024-06-24T16:14:31 EDT" name="testCRUDUsers" finished-at="2024-06-24T16:14:38 EDT" duration-ms="6793" status="PASS">
          <reporter-output>
          </reporter-output>
        </test-method> <!-- testCRUDUsers -->
      </class> <!-- dataDriven.RequestUsingExcelNOT -->
    </test> <!-- Default test -->
  </suite> <!-- Default suite -->
</testng-results>
